<?xml version="1.0" encoding="utf-8"?><testsuites name="pytest tests"><testsuite name="pytest" errors="0" failures="1" skipped="0" tests="8" time="11.079" timestamp="2026-08-04T23:37:05.023181+00:00" hostname="agent-env-71422435-7b57-4236-aca3-cfe6b4550c7b"><testcase classname="tests.test_amici_api.TestAuth" name="test_login_wrong_password" time="0.683" /><testcase classname="tests.test_amici_api.TestContentPersistence" name="test_put_content_and_verify" time="1.197" /><testcase classname="tests.test_amici_api.TestAuth" name="test_me_requires_auth" time="0.087" /><testcase classname="tests.test_amici_api.TestAuth" name="test_me_with_token" time="0.380" /><testcase classname="tests.test_amici_api.TestContent" name="test_get_content_public" time="0.079" /><testcase classname="tests.test_amici_api.TestContentPersistence" name="test_put_content_requires_auth" time="0.083"><failure message="assert 200 == 401&#10; +  where 200 = &lt;Response [200]&gt;.status_code">backend/tests/test_amici_api.py:85: in test_put_content_requires_auth
    assert r.status_code == 401
E   assert 200 == 401
E    +  where 200 = &lt;Response [200]&gt;.status_code</failure></testcase><testcase classname="tests.test_amici_api.TestChat" name="test_chat_pt_br" time="9.373" /><testcase classname="tests.test_amici_api.TestChat" name="test_chat_empty_message" time="0.084" /></testsuite></testsuites>